0 info it worked if it ends with ok
1 verbose cli [ 'C:\\Program Files (x86)\\nodejs\\node.exe',
1 verbose cli   'C:\\Program Files (x86)\\nodejs\\node_modules\\npm\\bin\\npm-cli.js',
1 verbose cli   'publish' ]
2 info using npm@2.14.12
3 info using node@v4.3.1
4 verbose publish [ '.' ]
5 silly cache add args [ '.', null ]
6 verbose cache add spec .
7 silly cache add parsed spec Result {
7 silly cache add   raw: '.',
7 silly cache add   scope: null,
7 silly cache add   name: null,
7 silly cache add   rawSpec: '.',
7 silly cache add   spec: 'C:\\git\\rename-me',
7 silly cache add   type: 'directory' }
8 verbose addLocalDirectory C:\Users\Ion\AppData\Roaming\npm-cache\rename-me\0.0.7\package.tgz not in flight; packing
9 verbose tar pack [ 'C:\\Users\\Ion\\AppData\\Roaming\\npm-cache\\rename-me\\0.0.7\\package.tgz',
9 verbose tar pack   'C:\\git\\rename-me' ]
10 verbose tarball C:\Users\Ion\AppData\Roaming\npm-cache\rename-me\0.0.7\package.tgz
11 verbose folder C:\git\rename-me
12 info prepublish rename-me@0.0.7
13 verbose addLocalTarball adding from inside cache C:\Users\Ion\AppData\Roaming\npm-cache\rename-me\0.0.7\package.tgz
14 silly cache afterAdd rename-me@0.0.7
15 verbose afterAdd C:\Users\Ion\AppData\Roaming\npm-cache\rename-me\0.0.7\package\package.json not in flight; writing
16 verbose afterAdd C:\Users\Ion\AppData\Roaming\npm-cache\rename-me\0.0.7\package\package.json written
17 silly publish { name: 'rename-me',
17 silly publish   version: '0.0.7',
17 silly publish   description: '(not ready to use) Rename files with version tag to optimize cache',
17 silly publish   main: 'rename-me.js',
17 silly publish   scripts: { test: 'npm test' },
17 silly publish   repository:
17 silly publish    { type: 'git',
17 silly publish      url: 'git+https://github.com/iondrimba/rename-me.git' },
17 silly publish   keywords: [ 'npm', 'cache', 'rename', 'versioning', 'spa' ],
17 silly publish   author: { name: 'Ion D. Filho' },
17 silly publish   license: 'MIT',
17 silly publish   bugs: { url: 'https://github.com/iondrimba/rename-me/issues' },
17 silly publish   homepage: 'https://github.com/iondrimba/rename-me#readme',
17 silly publish   dependencies: { semver: '^5.1.0' },
17 silly publish   devDependencies: { gulp: '^3.9.1', 'gulp-bump': '^2.0.1' },
17 silly publish   readme: '# rename-me\r\n(not ready to use) Rename files with version tag to optimize cache\r\n',
17 silly publish   readmeFilename: 'README.md',
17 silly publish   gitHead: 'fe8f2052fef2af8301f1860d45e2904153385f92',
17 silly publish   _id: 'rename-me@0.0.7',
17 silly publish   _shasum: '47f29a938e82be5b027bd1fb0ad4e4250074f07a',
17 silly publish   _from: '.' }
18 verbose getPublishConfig undefined
19 silly mapToRegistry name rename-me
20 silly mapToRegistry using default registry
21 silly mapToRegistry registry https://registry.npmjs.org/
22 silly mapToRegistry uri https://registry.npmjs.org/rename-me
23 verbose publish registryBase https://registry.npmjs.org/
24 silly publish uploading C:\Users\Ion\AppData\Roaming\npm-cache\rename-me\0.0.7\package.tgz
25 verbose request uri https://registry.npmjs.org/rename-me
26 verbose request sending authorization for write operation
27 info attempt registry request try #1 at 23:49:50
28 verbose request using bearer token for auth
29 verbose request id 4ce93a6e6c535325
30 http request PUT https://registry.npmjs.org/rename-me
31 http 403 https://registry.npmjs.org/rename-me
32 verbose headers { 'content-type': 'application/json',
32 verbose headers   'cache-control': 'max-age=300',
32 verbose headers   'content-length': '95',
32 verbose headers   'accept-ranges': 'bytes',
32 verbose headers   date: 'Wed, 23 Mar 2016 02:49:36 GMT',
32 verbose headers   via: '1.1 varnish',
32 verbose headers   connection: 'keep-alive',
32 verbose headers   'x-served-by': 'cache-jfk1021-JFK',
32 verbose headers   'x-cache': 'MISS',
32 verbose headers   'x-cache-hits': '0',
32 verbose headers   'x-timer': 'S1458701375.633328,VS0,VE661' }
33 verbose request invalidating C:\Users\Ion\AppData\Roaming\npm-cache\registry.npmjs.org\rename-me on PUT
34 error publish Failed PUT 403
35 verbose stack Error: "You cannot publish over the previously published version 0.0.7." : rename-me
35 verbose stack     at makeError (C:\Program Files (x86)\nodejs\node_modules\npm\node_modules\npm-registry-client\lib\request.js:264:12)
35 verbose stack     at CachingRegistryClient.<anonymous> (C:\Program Files (x86)\nodejs\node_modules\npm\node_modules\npm-registry-client\lib\request.js:252:14)
35 verbose stack     at Request._callback (C:\Program Files (x86)\nodejs\node_modules\npm\node_modules\npm-registry-client\lib\request.js:172:14)
35 verbose stack     at Request.self.callback (C:\Program Files (x86)\nodejs\node_modules\npm\node_modules\request\request.js:198:22)
35 verbose stack     at emitTwo (events.js:87:13)
35 verbose stack     at Request.emit (events.js:172:7)
35 verbose stack     at Request.<anonymous> (C:\Program Files (x86)\nodejs\node_modules\npm\node_modules\request\request.js:1082:10)
35 verbose stack     at emitOne (events.js:82:20)
35 verbose stack     at Request.emit (events.js:169:7)
35 verbose stack     at IncomingMessage.<anonymous> (C:\Program Files (x86)\nodejs\node_modules\npm\node_modules\request\request.js:1009:12)
36 verbose statusCode 403
37 verbose pkgid rename-me
38 verbose cwd C:\git\rename-me
39 error Windows_NT 10.0.10586
40 error argv "C:\\Program Files (x86)\\nodejs\\node.exe" "C:\\Program Files (x86)\\nodejs\\node_modules\\npm\\bin\\npm-cli.js" "publish"
41 error node v4.3.1
42 error npm  v2.14.12
43 error code E403
44 error "You cannot publish over the previously published version 0.0.7." : rename-me
45 error If you need help, you may report this error at:
45 error     <https://github.com/npm/npm/issues>
46 verbose exit [ 1, true ]
